<?xml version="1.0" encoding="UTF-8"?>
<testsuite name="FindMaxTest" tests="1" skipped="0" failures="0" errors="0" timestamp="2021-04-07T19:37:42" hostname="PRASHANT" time="0.025">
  <properties/>
  <testcase name="givenThreeFloatValue_whenThirdIsMax_returnThird()" classname="FindMaxTest" time="0.025"/>
  <system-out><![CDATA[]]></system-out>
  <system-err><![CDATA[]]></system-err>
</testsuite>
