<?xml version="1.0" encoding="UTF-8"?>
<testsuite name="FindMaxTest" tests="1" skipped="0" failures="0" errors="0" timestamp="2021-04-07T19:02:58" hostname="PRASHANT" time="0.023">
  <properties/>
  <testcase name="Cheking second string is max" classname="FindMaxTest" time="0.023"/>
  <system-out><![CDATA[Max Value = aaa
]]></system-out>
  <system-err><![CDATA[]]></system-err>
</testsuite>
