<?xml version="1.0" encoding="UTF-8"?>
<testsuite name="FindMaxTest" tests="1" skipped="0" failures="0" errors="0" timestamp="2021-04-07T16:14:00" hostname="PRASHANT" time="0.027">
  <properties/>
  <testcase name="Cheking first float is max" classname="FindMaxTest" time="0.027"/>
  <system-out><![CDATA[]]></system-out>
  <system-err><![CDATA[]]></system-err>
</testsuite>
